d:\repos\gstreamer-media-sdk-ben\gst-mfx-build_msvc\gst-libs\mfx\cf29cfa@@gstmfx-1.0@sta\gstmfxcontext.c.obj
d:\repos\gstreamer-media-sdk-ben\gst-mfx-build_msvc\gst-libs\mfx\cf29cfa@@gstmfx-1.0@sta\gstmfxfilter.c.obj
d:\repos\gstreamer-media-sdk-ben\gst-mfx-build_msvc\gst-libs\mfx\cf29cfa@@gstmfx-1.0@sta\gstmfxprofile.c.obj
d:\repos\gstreamer-media-sdk-ben\gst-mfx-build_msvc\gst-libs\mfx\cf29cfa@@gstmfx-1.0@sta\gstmfxsurfacepool.c.obj
d:\repos\gstreamer-media-sdk-ben\gst-mfx-build_msvc\gst-libs\mfx\cf29cfa@@gstmfx-1.0@sta\gstmfxsurface.c.obj
d:\repos\gstreamer-media-sdk-ben\gst-mfx-build_msvc\gst-libs\mfx\cf29cfa@@gstmfx-1.0@sta\gstmfxtaskaggregator.c.obj
d:\repos\gstreamer-media-sdk-ben\gst-mfx-build_msvc\gst-libs\mfx\cf29cfa@@gstmfx-1.0@sta\gstmfxtask.c.obj
d:\repos\gstreamer-media-sdk-ben\gst-mfx-build_msvc\gst-libs\mfx\cf29cfa@@gstmfx-1.0@sta\gstmfxvalue.c.obj
d:\repos\gstreamer-media-sdk-ben\gst-mfx-build_msvc\gst-libs\mfx\cf29cfa@@gstmfx-1.0@sta\gstmfxwindow.c.obj
d:\repos\gstreamer-media-sdk-ben\gst-mfx-build_msvc\gst-libs\mfx\cf29cfa@@gstmfx-1.0@sta\video-format.c.obj
d:\repos\gstreamer-media-sdk-ben\gst-mfx-build_msvc\gst-libs\mfx\cf29cfa@@gstmfx-1.0@sta\gstmfxcompositefilter.c.obj
d:\repos\gstreamer-media-sdk-ben\gst-mfx-build_msvc\gst-libs\mfx\cf29cfa@@gstmfx-1.0@sta\gstmfxsurfacecomposition.c.obj
d:\repos\gstreamer-media-sdk-ben\gst-mfx-build_msvc\gst-libs\mfx\cf29cfa@@gstmfx-1.0@sta\gstmfxallocator_d3d11.c.obj
d:\repos\gstreamer-media-sdk-ben\gst-mfx-build_msvc\gst-libs\mfx\cf29cfa@@gstmfx-1.0@sta\gstmfxsurface_d3d11.c.obj
d:\repos\gstreamer-media-sdk-ben\gst-mfx-build_msvc\gst-libs\mfx\cf29cfa@@gstmfx-1.0@sta\gstmfxd3d11device.c.obj
d:\repos\gstreamer-media-sdk-ben\gst-mfx-build_msvc\gst-libs\mfx\cf29cfa@@gstmfx-1.0@sta\gstmfxdecoder.c.obj
d:\repos\gstreamer-media-sdk-ben\gst-mfx-build_msvc\gst-libs\mfx\cf29cfa@@gstmfx-1.0@sta\d3d11_gstmfxwindow_d3d11.c.obj
d:\repos\gstreamer-media-sdk-ben\gst-mfx-build_msvc\gst-libs\mfx\cf29cfa@@gstmfx-1.0@sta\gstmfxencoder.c.obj
d:\repos\gstreamer-media-sdk-ben\gst-mfx-build_msvc\gst-libs\mfx\cf29cfa@@gstmfx-1.0@sta\gstmfxencoder_h264.c.obj
d:\repos\gstreamer-media-sdk-ben\gst-mfx-build_msvc\gst-libs\mfx\cf29cfa@@gstmfx-1.0@sta\gstmfxencoder_h265.c.obj
d:\repos\gstreamer-media-sdk-ben\gst-mfx-build_msvc\gst-libs\mfx\cf29cfa@@gstmfx-1.0@sta\gstmfxencoder_jpeg.c.obj
d:\repos\gstreamer-media-sdk-ben\gst-mfx-build_msvc\gst-libs\mfx\libgstmfx-1.0.a
d:\repos\gstreamer-media-sdk-ben\gst-mfx-build_msvc\gst-libs\mfx\.\libgstmfx-1.0.a
d:\repos\gstreamer-media-sdk-ben\gst-mfx-build_msvc\gst-libs\mfx\cf29cfa@@gstmfx-1.0@sta\gstmfx-1.0.tlog\cl.command.1.tlog
d:\repos\gstreamer-media-sdk-ben\gst-mfx-build_msvc\gst-libs\mfx\cf29cfa@@gstmfx-1.0@sta\gstmfx-1.0.tlog\cl.read.1.tlog
d:\repos\gstreamer-media-sdk-ben\gst-mfx-build_msvc\gst-libs\mfx\cf29cfa@@gstmfx-1.0@sta\gstmfx-1.0.tlog\cl.write.1.tlog
d:\repos\gstreamer-media-sdk-ben\gst-mfx-build_msvc\gst-libs\mfx\cf29cfa@@gstmfx-1.0@sta\gstmfx-1.0.tlog\lib-link.read.1.tlog
d:\repos\gstreamer-media-sdk-ben\gst-mfx-build_msvc\gst-libs\mfx\cf29cfa@@gstmfx-1.0@sta\gstmfx-1.0.tlog\lib-link.write.1.tlog
d:\repos\gstreamer-media-sdk-ben\gst-mfx-build_msvc\gst-libs\mfx\cf29cfa@@gstmfx-1.0@sta\gstmfx-1.0.tlog\lib.command.1.tlog
