d:\repos\gstreamer-media-sdk-ben\gst-mfx-build_msvc\gst\mfx\337dd9d@@gstmfx@sha\gstmfxpluginbase.c.obj
d:\repos\gstreamer-media-sdk-ben\gst-mfx-build_msvc\gst\mfx\337dd9d@@gstmfx@sha\gstmfxpluginutil.c.obj
d:\repos\gstreamer-media-sdk-ben\gst-mfx-build_msvc\gst\mfx\337dd9d@@gstmfx@sha\gstmfxvideobufferpool.c.obj
d:\repos\gstreamer-media-sdk-ben\gst-mfx-build_msvc\gst\mfx\337dd9d@@gstmfx@sha\gstmfxvideocontext.c.obj
d:\repos\gstreamer-media-sdk-ben\gst-mfx-build_msvc\gst\mfx\337dd9d@@gstmfx@sha\gstmfxvideomemory.c.obj
d:\repos\gstreamer-media-sdk-ben\gst-mfx-build_msvc\gst\mfx\337dd9d@@gstmfx@sha\gstmfxvideometa.c.obj
d:\repos\gstreamer-media-sdk-ben\gst-mfx-build_msvc\gst\mfx\337dd9d@@gstmfx@sha\gstmfxdec.c.obj
d:\repos\gstreamer-media-sdk-ben\gst-mfx-build_msvc\gst\mfx\337dd9d@@gstmfx@sha\gstmfxsink.c.obj
d:\repos\gstreamer-media-sdk-ben\gst-mfx-build_msvc\gst\mfx\337dd9d@@gstmfx@sha\gstmfxpostproc.c.obj
d:\repos\gstreamer-media-sdk-ben\gst-mfx-build_msvc\gst\mfx\337dd9d@@gstmfx@sha\gstmfxsinkbin.c.obj
d:\repos\gstreamer-media-sdk-ben\gst-mfx-build_msvc\gst\mfx\337dd9d@@gstmfx@sha\gstmfxenc.c.obj
d:\repos\gstreamer-media-sdk-ben\gst-mfx-build_msvc\gst\mfx\337dd9d@@gstmfx@sha\gstmfxenc_h264.c.obj
d:\repos\gstreamer-media-sdk-ben\gst-mfx-build_msvc\gst\mfx\337dd9d@@gstmfx@sha\gstmfxenc_h265.c.obj
d:\repos\gstreamer-media-sdk-ben\gst-mfx-build_msvc\gst\mfx\337dd9d@@gstmfx@sha\gstmfxenc_jpeg.c.obj
d:\repos\gstreamer-media-sdk-ben\gst-mfx-build_msvc\gst\mfx\gstmfx.lib
d:\repos\gstreamer-media-sdk-ben\gst-mfx-build_msvc\gst\mfx\gstmfx.exp
d:\repos\gstreamer-media-sdk-ben\gst-mfx-build_msvc\gst\mfx\gstmfx.dll
d:\repos\gstreamer-media-sdk-ben\gst-mfx-build_msvc\gst\mfx\gstmfx.pdb
d:\repos\gstreamer-media-sdk-ben\gst-mfx-build_msvc\gst\mfx\.\gstmfx.dll
d:\repos\gstreamer-media-sdk-ben\gst-mfx-build_msvc\gst\mfx\337dd9d@@gstmfx@sha\gstmfx.tlog\cl.command.1.tlog
d:\repos\gstreamer-media-sdk-ben\gst-mfx-build_msvc\gst\mfx\337dd9d@@gstmfx@sha\gstmfx.tlog\cl.read.1.tlog
d:\repos\gstreamer-media-sdk-ben\gst-mfx-build_msvc\gst\mfx\337dd9d@@gstmfx@sha\gstmfx.tlog\cl.write.1.tlog
d:\repos\gstreamer-media-sdk-ben\gst-mfx-build_msvc\gst\mfx\337dd9d@@gstmfx@sha\gstmfx.tlog\gstmfx.write.1u.tlog
d:\repos\gstreamer-media-sdk-ben\gst-mfx-build_msvc\gst\mfx\337dd9d@@gstmfx@sha\gstmfx.tlog\link.20412.delete.1.tlog
d:\repos\gstreamer-media-sdk-ben\gst-mfx-build_msvc\gst\mfx\337dd9d@@gstmfx@sha\gstmfx.tlog\link.23788.delete.1.tlog
d:\repos\gstreamer-media-sdk-ben\gst-mfx-build_msvc\gst\mfx\337dd9d@@gstmfx@sha\gstmfx.tlog\link.23816.delete.1.tlog
d:\repos\gstreamer-media-sdk-ben\gst-mfx-build_msvc\gst\mfx\337dd9d@@gstmfx@sha\gstmfx.tlog\link.2656.delete.1.tlog
d:\repos\gstreamer-media-sdk-ben\gst-mfx-build_msvc\gst\mfx\337dd9d@@gstmfx@sha\gstmfx.tlog\link.26696.delete.1.tlog
d:\repos\gstreamer-media-sdk-ben\gst-mfx-build_msvc\gst\mfx\337dd9d@@gstmfx@sha\gstmfx.tlog\link.29340.delete.1.tlog
d:\repos\gstreamer-media-sdk-ben\gst-mfx-build_msvc\gst\mfx\337dd9d@@gstmfx@sha\gstmfx.tlog\link.command.1.tlog
d:\repos\gstreamer-media-sdk-ben\gst-mfx-build_msvc\gst\mfx\337dd9d@@gstmfx@sha\gstmfx.tlog\link.read.1.tlog
d:\repos\gstreamer-media-sdk-ben\gst-mfx-build_msvc\gst\mfx\337dd9d@@gstmfx@sha\gstmfx.tlog\link.write.1.tlog
